ARM GAS  /var/folders/b6/_lrwbzzx5qg46wbggw31g5280000gn/T//ccqWQ7BS.s 			page 1


   1              		.cpu cortex-m0plus
   2              		.eabi_attribute 20, 1
   3              		.eabi_attribute 21, 1
   4              		.eabi_attribute 23, 3
   5              		.eabi_attribute 24, 1
   6              		.eabi_attribute 25, 1
   7              		.eabi_attribute 26, 1
   8              		.eabi_attribute 30, 1
   9              		.eabi_attribute 34, 0
  10              		.eabi_attribute 18, 4
  11              		.file	"gpio.c"
  12              		.text
  13              	.Ltext0:
  14              		.cfi_sections	.debug_frame
  15              		.section	.text.MX_GPIO_Init,"ax",%progbits
  16              		.align	1
  17              		.global	MX_GPIO_Init
  18              		.arch armv6s-m
  19              		.syntax unified
  20              		.code	16
  21              		.thumb_func
  22              		.fpu softvfp
  24              	MX_GPIO_Init:
  25              	.LFB322:
  26              		.file 1 "Core/Src/gpio.c"
   1:Core/Src/gpio.c **** /**
   2:Core/Src/gpio.c ****   ******************************************************************************
   3:Core/Src/gpio.c ****   * @file    gpio.c
   4:Core/Src/gpio.c ****   * @brief   This file provides code for the configuration
   5:Core/Src/gpio.c ****   *          of all used GPIO pins.
   6:Core/Src/gpio.c ****   ******************************************************************************
   7:Core/Src/gpio.c ****   * @attention
   8:Core/Src/gpio.c ****   *
   9:Core/Src/gpio.c ****   * <h2><center>&copy; Copyright (c) 2021 STMicroelectronics.
  10:Core/Src/gpio.c ****   * All rights reserved.</center></h2>
  11:Core/Src/gpio.c ****   *
  12:Core/Src/gpio.c ****   * This software component is licensed by ST under BSD 3-Clause license,
  13:Core/Src/gpio.c ****   * the "License"; You may not use this file except in compliance with the
  14:Core/Src/gpio.c ****   * License. You may obtain a copy of the License at:
  15:Core/Src/gpio.c ****   *                        opensource.org/licenses/BSD-3-Clause
  16:Core/Src/gpio.c ****   *
  17:Core/Src/gpio.c ****   ******************************************************************************
  18:Core/Src/gpio.c ****   */
  19:Core/Src/gpio.c **** 
  20:Core/Src/gpio.c **** /* Includes ------------------------------------------------------------------*/
  21:Core/Src/gpio.c **** #include "gpio.h"
  22:Core/Src/gpio.c **** 
  23:Core/Src/gpio.c **** /* USER CODE BEGIN 0 */
  24:Core/Src/gpio.c **** 
  25:Core/Src/gpio.c **** /* USER CODE END 0 */
  26:Core/Src/gpio.c **** 
  27:Core/Src/gpio.c **** /*----------------------------------------------------------------------------*/
  28:Core/Src/gpio.c **** /* Configure GPIO                                                             */
  29:Core/Src/gpio.c **** /*----------------------------------------------------------------------------*/
  30:Core/Src/gpio.c **** /* USER CODE BEGIN 1 */
  31:Core/Src/gpio.c **** 
  32:Core/Src/gpio.c **** /* USER CODE END 1 */
ARM GAS  /var/folders/b6/_lrwbzzx5qg46wbggw31g5280000gn/T//ccqWQ7BS.s 			page 2


  33:Core/Src/gpio.c **** 
  34:Core/Src/gpio.c **** /** Configure pins as
  35:Core/Src/gpio.c ****         * Analog
  36:Core/Src/gpio.c ****         * Input
  37:Core/Src/gpio.c ****         * Output
  38:Core/Src/gpio.c ****         * EVENT_OUT
  39:Core/Src/gpio.c ****         * EXTI
  40:Core/Src/gpio.c **** */
  41:Core/Src/gpio.c **** void MX_GPIO_Init(void)
  42:Core/Src/gpio.c **** {
  27              		.loc 1 42 1 view -0
  28              		.cfi_startproc
  29              		@ args = 0, pretend = 0, frame = 40
  30              		@ frame_needed = 0, uses_anonymous_args = 0
  31 0000 F0B5     		push	{r4, r5, r6, r7, lr}
  32              	.LCFI0:
  33              		.cfi_def_cfa_offset 20
  34              		.cfi_offset 4, -20
  35              		.cfi_offset 5, -16
  36              		.cfi_offset 6, -12
  37              		.cfi_offset 7, -8
  38              		.cfi_offset 14, -4
  39 0002 8BB0     		sub	sp, sp, #44
  40              	.LCFI1:
  41              		.cfi_def_cfa_offset 64
  43:Core/Src/gpio.c **** 
  44:Core/Src/gpio.c ****   GPIO_InitTypeDef GPIO_InitStruct = {0};
  42              		.loc 1 44 3 view .LVU1
  43              		.loc 1 44 20 is_stmt 0 view .LVU2
  44 0004 1422     		movs	r2, #20
  45 0006 0021     		movs	r1, #0
  46 0008 05A8     		add	r0, sp, #20
  47 000a FFF7FEFF 		bl	memset
  48              	.LVL0:
  45:Core/Src/gpio.c **** 
  46:Core/Src/gpio.c ****   /* GPIO Ports Clock Enable */
  47:Core/Src/gpio.c ****   __HAL_RCC_GPIOC_CLK_ENABLE();
  49              		.loc 1 47 3 is_stmt 1 view .LVU3
  50              	.LBB2:
  51              		.loc 1 47 3 view .LVU4
  52              		.loc 1 47 3 view .LVU5
  53 000e 194B     		ldr	r3, .L2
  54 0010 596B     		ldr	r1, [r3, #52]
  55 0012 0422     		movs	r2, #4
  56 0014 1143     		orrs	r1, r2
  57 0016 5963     		str	r1, [r3, #52]
  58              		.loc 1 47 3 view .LVU6
  59 0018 596B     		ldr	r1, [r3, #52]
  60 001a 0A40     		ands	r2, r1
  61 001c 0192     		str	r2, [sp, #4]
  62              		.loc 1 47 3 view .LVU7
  63 001e 019A     		ldr	r2, [sp, #4]
  64              	.LBE2:
  65              		.loc 1 47 3 view .LVU8
  48:Core/Src/gpio.c ****   __HAL_RCC_GPIOF_CLK_ENABLE();
  66              		.loc 1 48 3 view .LVU9
  67              	.LBB3:
ARM GAS  /var/folders/b6/_lrwbzzx5qg46wbggw31g5280000gn/T//ccqWQ7BS.s 			page 3


  68              		.loc 1 48 3 view .LVU10
  69              		.loc 1 48 3 view .LVU11
  70 0020 5A6B     		ldr	r2, [r3, #52]
  71 0022 2026     		movs	r6, #32
  72 0024 3243     		orrs	r2, r6
  73 0026 5A63     		str	r2, [r3, #52]
  74              		.loc 1 48 3 view .LVU12
  75 0028 5A6B     		ldr	r2, [r3, #52]
  76 002a 3240     		ands	r2, r6
  77 002c 0292     		str	r2, [sp, #8]
  78              		.loc 1 48 3 view .LVU13
  79 002e 029A     		ldr	r2, [sp, #8]
  80              	.LBE3:
  81              		.loc 1 48 3 view .LVU14
  49:Core/Src/gpio.c ****   __HAL_RCC_GPIOA_CLK_ENABLE();
  82              		.loc 1 49 3 view .LVU15
  83              	.LBB4:
  84              		.loc 1 49 3 view .LVU16
  85              		.loc 1 49 3 view .LVU17
  86 0030 5A6B     		ldr	r2, [r3, #52]
  87 0032 0125     		movs	r5, #1
  88 0034 2A43     		orrs	r2, r5
  89 0036 5A63     		str	r2, [r3, #52]
  90              		.loc 1 49 3 view .LVU18
  91 0038 5A6B     		ldr	r2, [r3, #52]
  92 003a 2A40     		ands	r2, r5
  93 003c 0392     		str	r2, [sp, #12]
  94              		.loc 1 49 3 view .LVU19
  95 003e 039A     		ldr	r2, [sp, #12]
  96              	.LBE4:
  97              		.loc 1 49 3 view .LVU20
  50:Core/Src/gpio.c ****   __HAL_RCC_GPIOB_CLK_ENABLE();
  98              		.loc 1 50 3 view .LVU21
  99              	.LBB5:
 100              		.loc 1 50 3 view .LVU22
 101              		.loc 1 50 3 view .LVU23
 102 0040 5A6B     		ldr	r2, [r3, #52]
 103 0042 0224     		movs	r4, #2
 104 0044 2243     		orrs	r2, r4
 105 0046 5A63     		str	r2, [r3, #52]
 106              		.loc 1 50 3 view .LVU24
 107 0048 5B6B     		ldr	r3, [r3, #52]
 108 004a 2340     		ands	r3, r4
 109 004c 0493     		str	r3, [sp, #16]
 110              		.loc 1 50 3 view .LVU25
 111 004e 049B     		ldr	r3, [sp, #16]
 112              	.LBE5:
 113              		.loc 1 50 3 view .LVU26
  51:Core/Src/gpio.c **** 
  52:Core/Src/gpio.c ****   /*Configure GPIO pin Output Level */
  53:Core/Src/gpio.c ****   HAL_GPIO_WritePin(LED_GREEN_GPIO_Port, LED_GREEN_Pin, GPIO_PIN_RESET);
 114              		.loc 1 53 3 view .LVU27
 115 0050 A027     		movs	r7, #160
 116 0052 FF05     		lsls	r7, r7, #23
 117 0054 0022     		movs	r2, #0
 118 0056 2021     		movs	r1, #32
 119 0058 3800     		movs	r0, r7
ARM GAS  /var/folders/b6/_lrwbzzx5qg46wbggw31g5280000gn/T//ccqWQ7BS.s 			page 4


 120 005a FFF7FEFF 		bl	HAL_GPIO_WritePin
 121              	.LVL1:
  54:Core/Src/gpio.c **** 
  55:Core/Src/gpio.c ****   /*Configure GPIO pin : PtPin */
  56:Core/Src/gpio.c ****   GPIO_InitStruct.Pin = LED_GREEN_Pin;
 122              		.loc 1 56 3 view .LVU28
 123              		.loc 1 56 23 is_stmt 0 view .LVU29
 124 005e 0596     		str	r6, [sp, #20]
  57:Core/Src/gpio.c ****   GPIO_InitStruct.Mode = GPIO_MODE_OUTPUT_PP;
 125              		.loc 1 57 3 is_stmt 1 view .LVU30
 126              		.loc 1 57 24 is_stmt 0 view .LVU31
 127 0060 0695     		str	r5, [sp, #24]
  58:Core/Src/gpio.c ****   GPIO_InitStruct.Pull = GPIO_NOPULL;
 128              		.loc 1 58 3 is_stmt 1 view .LVU32
 129              		.loc 1 58 24 is_stmt 0 view .LVU33
 130 0062 0023     		movs	r3, #0
 131 0064 0793     		str	r3, [sp, #28]
  59:Core/Src/gpio.c ****   GPIO_InitStruct.Speed = GPIO_SPEED_FREQ_HIGH;
 132              		.loc 1 59 3 is_stmt 1 view .LVU34
 133              		.loc 1 59 25 is_stmt 0 view .LVU35
 134 0066 0894     		str	r4, [sp, #32]
  60:Core/Src/gpio.c ****   HAL_GPIO_Init(LED_GREEN_GPIO_Port, &GPIO_InitStruct);
 135              		.loc 1 60 3 is_stmt 1 view .LVU36
 136 0068 05A9     		add	r1, sp, #20
 137 006a 3800     		movs	r0, r7
 138 006c FFF7FEFF 		bl	HAL_GPIO_Init
 139              	.LVL2:
  61:Core/Src/gpio.c **** 
  62:Core/Src/gpio.c **** }
 140              		.loc 1 62 1 is_stmt 0 view .LVU37
 141 0070 0BB0     		add	sp, sp, #44
 142              		@ sp needed
 143 0072 F0BD     		pop	{r4, r5, r6, r7, pc}
 144              	.L3:
 145              		.align	2
 146              	.L2:
 147 0074 00100240 		.word	1073876992
 148              		.cfi_endproc
 149              	.LFE322:
 151              		.text
 152              	.Letext0:
 153              		.file 2 "/Applications/ARM/arm-none-eabi/include/machine/_default_types.h"
 154              		.file 3 "/Applications/ARM/arm-none-eabi/include/sys/_stdint.h"
 155              		.file 4 "Drivers/CMSIS/Device/ST/STM32G0xx/Include/system_stm32g0xx.h"
 156              		.file 5 "Drivers/CMSIS/Device/ST/STM32G0xx/Include/stm32g071xx.h"
 157              		.file 6 "Drivers/STM32G0xx_HAL_Driver/Inc/stm32g0xx_hal_def.h"
 158              		.file 7 "Drivers/STM32G0xx_HAL_Driver/Inc/stm32g0xx_hal_gpio.h"
 159              		.file 8 "Drivers/STM32G0xx_HAL_Driver/Inc/stm32g0xx_hal_flash.h"
 160              		.file 9 "Drivers/STM32G0xx_HAL_Driver/Inc/stm32g0xx_hal_uart.h"
 161              		.file 10 "Drivers/STM32G0xx_HAL_Driver/Inc/stm32g0xx_hal.h"
 162              		.file 11 "Drivers/STM32G0xx_HAL_Driver/Inc/stm32g0xx_ll_dma.h"
 163              		.file 12 "<built-in>"
ARM GAS  /var/folders/b6/_lrwbzzx5qg46wbggw31g5280000gn/T//ccqWQ7BS.s 			page 5


DEFINED SYMBOLS
                            *ABS*:0000000000000000 gpio.c
/var/folders/b6/_lrwbzzx5qg46wbggw31g5280000gn/T//ccqWQ7BS.s:16     .text.MX_GPIO_Init:0000000000000000 $t
/var/folders/b6/_lrwbzzx5qg46wbggw31g5280000gn/T//ccqWQ7BS.s:24     .text.MX_GPIO_Init:0000000000000000 MX_GPIO_Init
/var/folders/b6/_lrwbzzx5qg46wbggw31g5280000gn/T//ccqWQ7BS.s:147    .text.MX_GPIO_Init:0000000000000074 $d

UNDEFINED SYMBOLS
memset
HAL_GPIO_WritePin
HAL_GPIO_Init
